<?xml version="1.0" encoding="UTF-8"?>
<!-- Generated by org.testng.reporters.JUnitXMLReporter -->
<testsuite hostname="JohnMohan" ignored="0" name="TestCase" tests="11" failures="0" timestamp="12 Dec 2020 20:56:33 GMT" time="0.055" errors="0">
  <testcase name="ThirdTeastCase" time="0.009" classname="org.testNg.LearnTestingClass1"/>
  <testcase name="firstTeastCase" time="0.002" classname="org.testNg.LearnTestingClass1"/>
  <testcase name="fiveTeastCase" time="0.001" classname="org.testNg.LearnTestingClass1"/>
  <testcase name="fouthTeastCase" time="0.001" classname="org.testNg.LearnTestingClass1"/>
  <testcase name="secondTeastCase" time="0.001" classname="org.testNg.LearnTestingClass1"/>
  <testcase name="sixTeastCase" time="0.0" classname="org.testNg.LearnTestingClass1"/>
  <testcase name="highschool" time="0.001" classname="org.testNg.LearnTestNgDepandanciesManagementClass4"/>
  <testcase name="highersecschool" time="0.001" classname="org.testNg.LearnTestNgDepandanciesManagementClass4"/>
  <testcase name="engineering" time="0.001" classname="org.testNg.LearnTestNgDepandanciesManagementClass4"/>
  <testcase name="startCar" time="0.0" classname="org.testNg.LearnTestNgPriorityClass2"/>
  <testcase name="StartCar" time="0.001" classname="org.testNg.LearnTestNgSkipTestCaseClass3"/>
</testsuite> <!-- TestCase -->
