<?xml version="1.0" encoding="UTF-8"?>
<testng-results skipped="0" failed="0" ignored="0" total="1" passed="1">
  <reporter-output>
  </reporter-output>
  <suite name="Default suite" duration-ms="26099" started-at="2020-12-16T13:41:22Z" finished-at="2020-12-16T13:41:48Z">
    <groups>
    </groups>
    <test name="Default test" duration-ms="26099" started-at="2020-12-16T13:41:22Z" finished-at="2020-12-16T13:41:48Z">
      <class name="org.projectclass.ProjectClass2">
        <test-method status="PASS" signature="launchBrower()[pri:0, instance:org.projectclass.ProjectClass2@12d3a4e9]" name="launchBrower" is-config="true" duration-ms="5959" started-at="2020-12-16T13:41:16Z" finished-at="2020-12-16T13:41:22Z">
          <reporter-output>
          </reporter-output>
        </test-method> <!-- launchBrower -->
        <test-method status="PASS" signature="ecomerwebsitetesting()[pri:0, instance:org.projectclass.ProjectClass2@12d3a4e9]" name="ecomerwebsitetesting" duration-ms="26075" started-at="2020-12-16T13:41:22Z" finished-at="2020-12-16T13:41:48Z">
          <reporter-output>
          </reporter-output>
        </test-method> <!-- ecomerwebsitetesting -->
        <test-method status="PASS" signature="closebrower()[pri:0, instance:org.projectclass.ProjectClass2@12d3a4e9]" name="closebrower" is-config="true" duration-ms="0" started-at="2020-12-16T13:41:48Z" finished-at="2020-12-16T13:41:48Z">
          <reporter-output>
          </reporter-output>
        </test-method> <!-- closebrower -->
      </class> <!-- org.projectclass.ProjectClass2 -->
    </test> <!-- Default test -->
  </suite> <!-- Default suite -->
</testng-results>
